\BOOKMARK [0][-]{chapter.1}{MoLP}{}% 1
\BOOKMARK [1][-]{section.1.1}{Description\040of\040the\040connected\040component\040X\040containing\040a\040TRSELP\040}{chapter.1}% 2
\BOOKMARK [2][-]{subsection.1.1.1}{Recollections\040on\040the\040moduli\040space\040of\040Langlands\040parameters}{section.1.1}% 3
\BOOKMARK [2][-]{subsection.1.1.2}{Tame\040regular\040semisimple\040elliptic\040L-parameters}{section.1.1}% 4
\BOOKMARK [2][-]{subsection.1.1.3}{Description\040of\040the\040component}{section.1.1}% 5
\BOOKMARK [2][-]{subsection.1.1.4}{The\040T-action\040on\040\(\040T\040\)}{section.1.1}% 6
\BOOKMARK [2][-]{subsection.1.1.5}{Some\040lemmas}{section.1.1}% 7
\BOOKMARK [1][-]{section.1.2}{Main\040Theorem:\040description\040of\040[X/]}{chapter.1}% 8
\BOOKMARK [0][-]{chapter.2}{Rep}{}% 9
\BOOKMARK [1][-]{section.2.1}{Proof\040of\040the\040Main\040Theorem\0402.1.2\040modulo\040Theorem\0402.1.3\0402.1.4\0402.1.5}{chapter.2}% 10
\BOOKMARK [2][-]{subsection.2.1.1}{Lemmas}{section.2.1}% 11
\BOOKMARK [1][-]{section.2.2}{Proof\040of\040Theorem\0402.1.3}{chapter.2}% 12
\BOOKMARK [2][-]{subsection.2.2.1}{Regular\040blocks\040and\040regular\040cuspidal\040representations\040of\040a\040finite\040group\040of\040Lie\040type}{section.2.2}% 13
\BOOKMARK [2][-]{subsection.2.2.2}{Pure\040Cuspidality}{section.2.2}% 14
\BOOKMARK [2][-]{subsection.2.2.3}{Proof\040of\040Theorem\0402.1.3}{section.2.2}% 15
\BOOKMARK [1][-]{section.2.3}{Proof\040of\040Theorem\0402.1.4}{chapter.2}% 16
\BOOKMARK [2][-]{subsection.2.3.1}{Lemmas}{section.2.3}% 17
\BOOKMARK [1][-]{section.2.4}{Proof\040of\040Theorem\0402.1.5}{chapter.2}% 18
\BOOKMARK [2][-]{subsection.2.4.1}{Lemmas}{section.2.4}% 19
\BOOKMARK [0][-]{chapter.3}{Example:\040GLn\(F\)}{}% 20
\BOOKMARK [1][-]{section.3.1}{L-parameter\040side}{chapter.3}% 21
\BOOKMARK [1][-]{section.3.2}{Representation\040side}{chapter.3}% 22
\BOOKMARK [0][-]{chapter.4}{The\040categorical\040local\040Langlands\040conjecture}{}% 23
\BOOKMARK [1][-]{section.4.1}{Unraveling\040definitions}{chapter.4}% 24
\BOOKMARK [2][-]{subsection.4.1.1}{L-parameter\040side}{section.4.1}% 25
\BOOKMARK [2][-]{subsection.4.1.2}{BunG\040side}{section.4.1}% 26
\BOOKMARK [2][-]{subsection.4.1.3}{Proof\040of\040Lemma\0404.1.1}{section.4.1}% 27
\BOOKMARK [1][-]{section.4.2}{The\040spectral\040action\040induces\040an\040equivalence\040of\040categories}{chapter.4}% 28
\BOOKMARK [2][-]{subsection.4.2.1}{Definition\040of\040the\040functor}{section.4.2}% 29
\BOOKMARK [2][-]{subsection.4.2.2}{Equivalence\040on\040degree\040zero\040part}{section.4.2}% 30
\BOOKMARK [2][-]{subsection.4.2.3}{The\040full\040equivalence}{section.4.2}% 31
