\BOOKMARK [0][-]{chapter.1}{Introduction}{}% 1
\BOOKMARK [1][-]{section.1.1}{L-parameter side}{chapter.1}% 2
\BOOKMARK [2][-]{subsection.1.1.1}{Heuristics on the component [X/]}{section.1.1}% 3
\BOOKMARK [2][-]{subsection.1.1.2}{Ingredients of the computation}{section.1.1}% 4
\BOOKMARK [1][-]{section.1.2}{Representation side}{chapter.1}% 5
\BOOKMARK [2][-]{subsection.1.2.1}{Equivalence to the block of a finite group of Lie type}{section.1.2}% 6
\BOOKMARK [2][-]{subsection.1.2.2}{Proof of the main theorem for the representation side}{section.1.2}% 7
\BOOKMARK [1][-]{section.1.3}{The example of GLn}{chapter.1}% 8
\BOOKMARK [1][-]{section.1.4}{The categorical local Langlands conjecture for GLn}{chapter.1}% 9
\BOOKMARK [1][-]{section.1.5}{Preliminaries and notations}{chapter.1}% 10
\BOOKMARK [1][-]{section.1.6}{Logical dependence and suggestions for reading}{chapter.1}% 11
\BOOKMARK [1][-]{section.1.7}{Acknowledgements}{chapter.1}% 12
\BOOKMARK [0][-]{chapter.2}{TRSELP components of the stack of L-parameters}{}% 13
\BOOKMARK [1][-]{section.2.1}{The connected component X containing a TRSELP }{chapter.2}% 14
\BOOKMARK [2][-]{subsection.2.1.1}{Recollections on the moduli space of Langlands parameters}{section.2.1}% 15
\BOOKMARK [2][-]{subsection.2.1.2}{Tame regular semisimple elliptic L-parameters}{section.2.1}% 16
\BOOKMARK [2][-]{subsection.2.1.3}{Description of the component}{section.2.1}% 17
\BOOKMARK [2][-]{subsection.2.1.4}{The T-action on \( T \)}{section.2.1}% 18
\BOOKMARK [2][-]{subsection.2.1.5}{Some lemmas}{section.2.1}% 19
\BOOKMARK [1][-]{section.2.2}{Main Theorem: description of [X/]}{chapter.2}% 20
\BOOKMARK [0][-]{chapter.3}{Depth-zero regular supercuspidal blocks}{}% 21
\BOOKMARK [1][-]{section.3.1}{The compact induction induces an equivalence}{chapter.3}% 22
\BOOKMARK [1][-]{section.3.2}{Regular supercuspidal blocks for finite groups of Lie type}{chapter.3}% 23
\BOOKMARK [2][-]{subsection.3.2.1}{Regular blocks}{section.3.2}% 24
\BOOKMARK [2][-]{subsection.3.2.2}{Regular supercuspidal blocks}{section.3.2}% 25
\BOOKMARK [2][-]{subsection.3.2.3}{Proof of Theorem 3.1.3 on supercuspidal reduction}{section.3.2}% 26
\BOOKMARK [2][-]{subsection.3.2.4}{Inflation induces an equivalence}{section.3.2}% 27
\BOOKMARK [1][-]{section.3.3}{`39`42`"613A``45`47`"603AHom between compact inductions}{chapter.3}% 28
\BOOKMARK [1][-]{section.3.4}{x,1 is a projective generator}{chapter.3}% 29
\BOOKMARK [1][-]{section.3.5}{Application: description of the block `39`42`"613A``45`47`"603ARep\(G\(F\)\)[]}{chapter.3}% 30
\BOOKMARK [0][-]{chapter.4}{Example: GLn\(F\)}{}% 31
\BOOKMARK [1][-]{section.4.1}{L-parameter side}{chapter.4}% 32
\BOOKMARK [1][-]{section.4.2}{Representation side}{chapter.4}% 33
\BOOKMARK [0][-]{chapter.5}{The categorical local Langlands conjecture}{}% 34
\BOOKMARK [1][-]{section.5.1}{Unraveling definitions}{chapter.5}% 35
\BOOKMARK [2][-]{subsection.5.1.1}{L-parameter side}{section.5.1}% 36
\BOOKMARK [2][-]{subsection.5.1.2}{`39`42`"613A``45`47`"603ABunG side}{section.5.1}% 37
\BOOKMARK [2][-]{subsection.5.1.3}{The nilpotent singular support condition}{section.5.1}% 38
\BOOKMARK [1][-]{section.5.2}{The spectral action induces an equivalence of categories}{chapter.5}% 39
\BOOKMARK [2][-]{subsection.5.2.1}{Definition of the functor}{section.5.2}% 40
\BOOKMARK [2][-]{subsection.5.2.2}{Equivalence on the degree zero part}{section.5.2}% 41
\BOOKMARK [2][-]{subsection.5.2.3}{The full equivalence}{section.5.2}% 42
\BOOKMARK [0][-]{chapter.6}{Conclusions and questions}{}% 43
\BOOKMARK [1][-]{section.6.1}{How do Chapters 2, 3 help?}{chapter.6}% 44
\BOOKMARK [1][-]{section.6.2}{Relation to Bernstein's projective generator}{chapter.6}% 45
\BOOKMARK [1][-]{section.6.3}{The categorical conjecture for general groups}{chapter.6}% 46
